<?xml version="1.0" encoding="UTF-8"?>
<testng-results skipped="0" failed="0" ignored="0" total="1" passed="1">
  <reporter-output>
  </reporter-output>
  <suite name="Default suite" duration-ms="2291" started-at="2021-08-13T15:11:10 CDT" finished-at="2021-08-13T15:11:13 CDT">
    <groups>
    </groups>
    <test name="Default test" duration-ms="2291" started-at="2021-08-13T15:11:10 CDT" finished-at="2021-08-13T15:11:13 CDT">
      <class name="testcases.GET_Or_Read_A_Product">
        <test-method status="PASS" signature="read_A_Product()[pri:0, instance:testcases.GET_Or_Read_A_Product@3dfc5fb8]" name="read_A_Product" duration-ms="2260" started-at="2021-08-13T15:11:10 CDT" finished-at="2021-08-13T15:11:13 CDT">
          <reporter-output>
          </reporter-output>
        </test-method> <!-- read_A_Product -->
      </class> <!-- testcases.GET_Or_Read_A_Product -->
    </test> <!-- Default test -->
  </suite> <!-- Default suite -->
</testng-results>
